<?xml version="1.0" encoding="UTF-8"?>
<testsuite name="GradeCaculatorTest" tests="1" skipped="0" failures="0" errors="0" timestamp="2022-09-16T12:25:26" hostname="jmshin.local" time="0.054">
  <properties/>
  <testcase name="학점 계산기 호출" classname="GradeCaculatorTest" time="0.054"/>
  <system-out><![CDATA[]]></system-out>
  <system-err><![CDATA[]]></system-err>
</testsuite>
